00:00:02.549963 VirtualBox VM 6.1.16 r140961 win.amd64 (Oct 16 2020 16:33:17) release log
00:00:02.549966 Log opened 2021-01-07T09:29:47.827219900Z
00:00:02.549967 Build Type: release
00:00:02.549969 OS Product: Windows 10
00:00:02.549969 OS Release: 10.0.19041
00:00:02.549970 OS Service Pack: 
00:00:02.651961 DMI Product Name: 82DM
00:00:02.658338 DMI Product Version: Lenovo XiaoXinPro-13ARE 2020
00:00:02.658350 Firmware type: UEFI
00:00:02.658963 Secure Boot: VERR_PRIVILEGE_NOT_HELD
00:00:02.658982 Host RAM: 15734MB (15.3GB) total, 8952MB (8.7GB) available
00:00:02.658985 Executable: D:\Program Files\Oracle\VirtualBox\VirtualBoxVM.exe
00:00:02.658987 Process ID: 8312
00:00:02.658987 Package type: WINDOWS_64BITS_GENERIC
00:00:02.660319 Installed Extension Packs:
00:00:02.660357   None installed!
00:00:02.661266 Console: Machine state changed to 'Starting'
00:00:02.661521 Qt version: 5.6.2
00:00:02.663600 GUI: UIMediumEnumerator: Medium-enumeration finished!
00:00:02.806260 SUP: seg #0: R   0x00000000 LB 0x00001000
00:00:02.806283 SUP: seg #1: R X 0x00001000 LB 0x0010a000
00:00:02.806289 SUP: seg #2: R   0x0010b000 LB 0x0004a000
00:00:02.806294 SUP: seg #3: RW  0x00155000 LB 0x00013000
00:00:02.806299 SUP: seg #4: R   0x00168000 LB 0x0000f000
00:00:02.806304 SUP: seg #5: RW  0x00177000 LB 0x00003000
00:00:02.806309 SUP: seg #6: R   0x0017a000 LB 0x0000b000
00:00:02.806313 SUP: seg #7: RWX 0x00185000 LB 0x00002000
00:00:02.806318 SUP: seg #8: R   0x00187000 LB 0x00007000
00:00:02.807004 SUP: Loaded VMMR0.r0 (D:\Program Files\Oracle\VirtualBox\VMMR0.r0) at 0xXXXXXXXXXXXXXXXX - ModuleInit at XXXXXXXXXXXXXXXX and ModuleTerm at XXXXXXXXXXXXXXXX using the native ring-0 loader
00:00:02.807035 SUP: VMMR0EntryEx located at XXXXXXXXXXXXXXXX and VMMR0EntryFast at XXXXXXXXXXXXXXXX
00:00:02.807040 SUP: windbg> .reload /f D:\Program Files\Oracle\VirtualBox\VMMR0.r0=0xXXXXXXXXXXXXXXXX
00:00:02.807923 Guest OS type: 'Other'
00:00:02.808672 fHMForced=true - No raw-mode support in this build!
00:00:02.810892 File system of 'D:\os-code\MyOS\Snapshots' (snapshots) is unknown
00:00:02.810911 File system of 'D:\os-code\dingst.vhd' is ntfs
00:00:02.821891 Shared Clipboard: Service loaded
00:00:02.821925 Shared Clipboard: Mode: Off
00:00:02.822060 Shared Clipboard: Service running in normal mode
00:00:02.830984 Drag and drop service loaded
00:00:02.830999 Drag and drop mode: Off
00:00:02.832281 ************************* CFGM dump *************************
00:00:02.832283 [/] (level 0)
00:00:02.832285   CpuExecutionCap   <integer> = 0x0000000000000064 (100)
00:00:02.832286   EnablePAE         <integer> = 0x0000000000000000 (0)
00:00:02.832287   HMEnabled         <integer> = 0x0000000000000001 (1)
00:00:02.832288   MemBalloonSize    <integer> = 0x0000000000000000 (0)
00:00:02.832288   Name              <string>  = "MyOS" (cb=5)
00:00:02.832289   NumCPUs           <integer> = 0x0000000000000001 (1)
00:00:02.832290   PageFusionAllowed <integer> = 0x0000000000000000 (0)
00:00:02.832290   RamHoleSize       <integer> = 0x0000000020000000 (536 870 912, 512 MB)
00:00:02.832291   RamSize           <integer> = 0x0000000004000000 (67 108 864, 64 MB)
00:00:02.832292   TimerMillies      <integer> = 0x000000000000000a (10)
00:00:02.832292   UUID              <bytes>   = "f9 3c 08 5f 84 7c 00 44 82 fa 6e cc 4c 16 97 31" (cb=16)
00:00:02.832298 
00:00:02.832298 [/CPUM/] (level 1)
00:00:02.832299   GuestCpuName       <string>  = "host" (cb=5)
00:00:02.832299   NestedHWVirt       <integer> = 0x0000000000000000 (0)
00:00:02.832300   PortableCpuIdLevel <integer> = 0x0000000000000000 (0)
00:00:02.832300   SpecCtrl           <integer> = 0x0000000000000000 (0)
00:00:02.832301 
00:00:02.832301 [/CPUM/IsaExts/] (level 2)
00:00:02.832301 
00:00:02.832302 [/DBGC/] (level 1)
00:00:02.832302   GlobalInitScript <string>  = "C:\Users\ayu\.VirtualBox/dbgc-init" (cb=35)
00:00:02.832303   HistoryFile      <string>  = "C:\Users\ayu\.VirtualBox/dbgc-history" (cb=38)
00:00:02.832303   LocalInitScript  <string>  = "D:\os-code\MyOS/dbgc-init" (cb=26)
00:00:02.832304 
00:00:02.832304 [/DBGF/] (level 1)
00:00:02.832304   Path <string>  = "D:\os-code\MyOS/debug/;D:\os-code\MyOS/;cache*D:\os-code\MyOS/dbgcache/;C:\Users\ayu\" (cb=86)
00:00:02.832305 
00:00:02.832305 [/Devices/] (level 1)
00:00:02.832305 
00:00:02.832305 [/Devices/8237A/] (level 2)
00:00:02.832306 
00:00:02.832306 [/Devices/8237A/0/] (level 3)
00:00:02.832307   Trusted <integer> = 0x0000000000000001 (1)
00:00:02.832308 
00:00:02.832308 [/Devices/VMMDev/] (level 2)
00:00:02.832308 
00:00:02.832308 [/Devices/VMMDev/0/] (level 3)
00:00:02.832310   PCIBusNo      <integer> = 0x0000000000000000 (0)
00:00:02.832310   PCIDeviceNo   <integer> = 0x0000000000000004 (4)
00:00:02.832310   PCIFunctionNo <integer> = 0x0000000000000000 (0)
00:00:02.832311   Trusted       <integer> = 0x0000000000000001 (1)
00:00:02.832311 
00:00:02.832311 [/Devices/VMMDev/0/Config/] (level 4)
00:00:02.832312   GuestCoreDumpDir <string>  = "D:\os-code\MyOS\Snapshots" (cb=26)
00:00:02.832313 
00:00:02.832313 [/Devices/VMMDev/0/LUN#0/] (level 4)
00:00:02.832314   Driver <string>  = "HGCM" (cb=5)
00:00:02.832314 
00:00:02.832314 [/Devices/VMMDev/0/LUN#0/Config/] (level 5)
00:00:02.832315   Object <integer> = 0x000000000ae10570 (182 519 152)
00:00:02.832315 
00:00:02.832316 [/Devices/VMMDev/0/LUN#999/] (level 4)
00:00:02.832316   Driver <string>  = "MainStatus" (cb=11)
00:00:02.832317 
00:00:02.832317 [/Devices/VMMDev/0/LUN#999/Config/] (level 5)
00:00:02.832318   First   <integer> = 0x0000000000000000 (0)
00:00:02.832318   Last    <integer> = 0x0000000000000000 (0)
00:00:02.832318   papLeds <integer> = 0x0000000002456170 (38 101 360)
00:00:02.832319 
00:00:02.832319 [/Devices/acpi/] (level 2)
00:00:02.832320 
00:00:02.832320 [/Devices/acpi/0/] (level 3)
00:00:02.832321   PCIBusNo      <integer> = 0x0000000000000000 (0)
00:00:02.832321   PCIDeviceNo   <integer> = 0x0000000000000007 (7)
00:00:02.832321   PCIFunctionNo <integer> = 0x0000000000000000 (0)
00:00:02.832322   Trusted       <integer> = 0x0000000000000001 (1)
00:00:02.832322 
00:00:02.832322 [/Devices/acpi/0/Config/] (level 4)
00:00:02.832324   CpuHotPlug          <integer> = 0x0000000000000000 (0)
00:00:02.832324   FdcEnabled          <integer> = 0x0000000000000000 (0)
00:00:02.832325   HostBusPciAddress   <integer> = 0x0000000000000000 (0)
00:00:02.832325   HpetEnabled         <integer> = 0x0000000000000000 (0)
00:00:02.832326   IOAPIC              <integer> = 0x0000000000000000 (0)
00:00:02.832326   IocPciAddress       <integer> = 0x0000000000010000 (65 536)
00:00:02.832327   NumCPUs             <integer> = 0x0000000000000001 (1)
00:00:02.832327   Parallel0IoPortBase <integer> = 0x0000000000000000 (0)
00:00:02.832328   Parallel0Irq        <integer> = 0x0000000000000000 (0)
00:00:02.832328   Parallel1IoPortBase <integer> = 0x0000000000000000 (0)
00:00:02.832328   Parallel1Irq        <integer> = 0x0000000000000000 (0)
00:00:02.832329   Serial0IoPortBase   <integer> = 0x0000000000000000 (0)
00:00:02.832329   Serial0Irq          <integer> = 0x0000000000000000 (0)
00:00:02.832330   Serial1IoPortBase   <integer> = 0x0000000000000000 (0)
00:00:02.832330   Serial1Irq          <integer> = 0x0000000000000000 (0)
00:00:02.832331   ShowCpu             <integer> = 0x0000000000000000 (0)
00:00:02.832331   ShowRtc             <integer> = 0x0000000000000000 (0)
00:00:02.832331   SmcEnabled          <integer> = 0x0000000000000000 (0)
00:00:02.832332 
00:00:02.832332 [/Devices/acpi/0/LUN#0/] (level 4)
00:00:02.832333   Driver <string>  = "ACPIHost" (cb=9)
00:00:02.832333 
00:00:02.832333 [/Devices/acpi/0/LUN#0/Config/] (level 5)
00:00:02.832334 
00:00:02.832334 [/Devices/apic/] (level 2)
00:00:02.832335 
00:00:02.832335 [/Devices/apic/0/] (level 3)
00:00:02.832335   Trusted <integer> = 0x0000000000000001 (1)
00:00:02.832336 
00:00:02.832336 [/Devices/apic/0/Config/] (level 4)
00:00:02.832337   IOAPIC  <integer> = 0x0000000000000000 (0)
00:00:02.832337   Mode    <integer> = 0x0000000000000002 (2)
00:00:02.832337   NumCPUs <integer> = 0x0000000000000001 (1)
00:00:02.832338 
00:00:02.832338 [/Devices/e1000/] (level 2)
00:00:02.832339 
00:00:02.832339 [/Devices/i8254/] (level 2)
00:00:02.832339 
00:00:02.832339 [/Devices/i8254/0/] (level 3)
00:00:02.832340 
00:00:02.832340 [/Devices/i8254/0/Config/] (level 4)
00:00:02.832341 
00:00:02.832341 [/Devices/i8259/] (level 2)
00:00:02.832341 
00:00:02.832341 [/Devices/i8259/0/] (level 3)
00:00:02.832342   Trusted <integer> = 0x0000000000000001 (1)
00:00:02.832343 
00:00:02.832343 [/Devices/i8259/0/Config/] (level 4)
00:00:02.832343 
00:00:02.832343 [/Devices/ichac97/] (level 2)
00:00:02.832344 
00:00:02.832344 [/Devices/ichac97/0/] (level 3)
00:00:02.832345   PCIBusNo      <integer> = 0x0000000000000000 (0)
00:00:02.832345   PCIDeviceNo   <integer> = 0x0000000000000005 (5)
00:00:02.832345   PCIFunctionNo <integer> = 0x0000000000000000 (0)
00:00:02.832346   Trusted       <integer> = 0x0000000000000001 (1)
00:00:02.832346 
00:00:02.832346 [/Devices/ichac97/0/AudioConfig/] (level 4)
00:00:02.832347 
00:00:02.832347 [/Devices/ichac97/0/Config/] (level 4)
00:00:02.832348   Codec        <string>  = "STAC9700" (cb=9)
00:00:02.832348   DebugEnabled <integer> = 0x0000000000000000 (0)
00:00:02.832349 
00:00:02.832349 [/Devices/ichac97/0/LUN#0/] (level 4)
00:00:02.832349   Driver <string>  = "AUDIO" (cb=6)
00:00:02.832350 
00:00:02.832350 [/Devices/ichac97/0/LUN#0/AttachedDriver/] (level 5)
00:00:02.832351   Driver <string>  = "DSoundAudio" (cb=12)
00:00:02.832351 
00:00:02.832351 [/Devices/ichac97/0/LUN#0/AttachedDriver/Config/] (level 6)
00:00:02.832352   StreamName <string>  = "MyOS" (cb=5)
00:00:02.832353 
00:00:02.832353 [/Devices/ichac97/0/LUN#0/Config/] (level 5)
00:00:02.832354   BufferSizeMs    <integer> = 0x0000000000000000 (0)
00:00:02.832354   DriverName      <string>  = "DSoundAudio" (cb=12)
00:00:02.832354   InputEnabled    <integer> = 0x0000000000000000 (0)
00:00:02.832355   OutputEnabled   <integer> = 0x0000000000000001 (1)
00:00:02.832355   PeriodSizeMs    <integer> = 0x0000000000000000 (0)
00:00:02.832356   PreBufferSizeMs <integer> = 0x00000000ffffffff (4 294 967 295)
00:00:02.832356 
00:00:02.832356 [/Devices/ichac97/0/LUN#1/] (level 4)
00:00:02.832357   Driver <string>  = "AUDIO" (cb=6)
00:00:02.832357 
00:00:02.832357 [/Devices/ichac97/0/LUN#2/] (level 4)
00:00:02.832358   Driver <string>  = "AUDIO" (cb=6)
00:00:02.832358 
00:00:02.832359 [/Devices/mc146818/] (level 2)
00:00:02.832359 
00:00:02.832359 [/Devices/mc146818/0/] (level 3)
00:00:02.832360 
00:00:02.832360 [/Devices/mc146818/0/Config/] (level 4)
00:00:02.832361   UseUTC <integer> = 0x0000000000000000 (0)
00:00:02.832361 
00:00:02.832361 [/Devices/parallel/] (level 2)
00:00:02.832362 
00:00:02.832362 [/Devices/pcarch/] (level 2)
00:00:02.832362 
00:00:02.832363 [/Devices/pcarch/0/] (level 3)
00:00:02.832363   Trusted <integer> = 0x0000000000000001 (1)
00:00:02.832364 
00:00:02.832364 [/Devices/pcarch/0/Config/] (level 4)
00:00:02.832364 
00:00:02.832364 [/Devices/pcbios/] (level 2)
00:00:02.832365 
00:00:02.832365 [/Devices/pcbios/0/] (level 3)
00:00:02.832366   Trusted <integer> = 0x0000000000000001 (1)
00:00:02.832366 
00:00:02.832366 [/Devices/pcbios/0/Config/] (level 4)
00:00:02.832367   APIC           <integer> = 0x0000000000000001 (1)
00:00:02.832368   BootDevice0    <string>  = "FLOPPY" (cb=7)
00:00:02.832368   BootDevice1    <string>  = "DVD" (cb=4)
00:00:02.832369   BootDevice2    <string>  = "IDE" (cb=4)
00:00:02.832369   BootDevice3    <string>  = "NONE" (cb=5)
00:00:02.832370   FloppyDevice   <string>  = "i82078" (cb=7)
00:00:02.832370   HardDiskDevice <string>  = "piix3ide" (cb=9)
00:00:02.832371   IOAPIC         <integer> = 0x0000000000000000 (0)
00:00:02.832371   McfgBase       <integer> = 0x0000000000000000 (0)
00:00:02.832371   McfgLength     <integer> = 0x0000000000000000 (0)
00:00:02.832372   NumCPUs        <integer> = 0x0000000000000001 (1)
00:00:02.832372   PXEDebug       <integer> = 0x0000000000000000 (0)
00:00:02.832373   UUID           <bytes>   = "f9 3c 08 5f 84 7c 00 44 82 fa 6e cc 4c 16 97 31" (cb=16)
00:00:02.832374   UuidLe         <integer> = 0x0000000000000001 (1)
00:00:02.832374 
00:00:02.832375 [/Devices/pcbios/0/Config/NetBoot/] (level 5)
00:00:02.832375 
00:00:02.832375 [/Devices/pcbios/0/Config/NetBoot/0/] (level 6)
00:00:02.832376   NIC           <integer> = 0x0000000000000000 (0)
00:00:02.832377   PCIBusNo      <integer> = 0x0000000000000000 (0)
00:00:02.832377   PCIDeviceNo   <integer> = 0x0000000000000003 (3)
00:00:02.832378   PCIFunctionNo <integer> = 0x0000000000000000 (0)
00:00:02.832378 
00:00:02.832378 [/Devices/pci/] (level 2)
00:00:02.832379 
00:00:02.832379 [/Devices/pci/0/] (level 3)
00:00:02.832379   Trusted <integer> = 0x0000000000000001 (1)
00:00:02.832380 
00:00:02.832380 [/Devices/pci/0/Config/] (level 4)
00:00:02.832380   IOAPIC <integer> = 0x0000000000000000 (0)
00:00:02.832381 
00:00:02.832381 [/Devices/pcibridge/] (level 2)
00:00:02.832381 
00:00:02.832382 [/Devices/pckbd/] (level 2)
00:00:02.832382 
00:00:02.832382 [/Devices/pckbd/0/] (level 3)
00:00:02.832383   Trusted <integer> = 0x0000000000000001 (1)
00:00:02.832383 
00:00:02.832383 [/Devices/pckbd/0/Config/] (level 4)
00:00:02.832384 
00:00:02.832384 [/Devices/pckbd/0/LUN#0/] (level 4)
00:00:02.832385   Driver <string>  = "KeyboardQueue" (cb=14)
00:00:02.832385 
00:00:02.832385 [/Devices/pckbd/0/LUN#0/AttachedDriver/] (level 5)
00:00:02.832386   Driver <string>  = "MainKeyboard" (cb=13)
00:00:02.832386 
00:00:02.832387 [/Devices/pckbd/0/LUN#0/AttachedDriver/Config/] (level 6)
00:00:02.832387   Object <integer> = 0x000000000230b7c0 (36 747 200)
00:00:02.832388 
00:00:02.832388 [/Devices/pckbd/0/LUN#0/Config/] (level 5)
00:00:02.832389   QueueSize <integer> = 0x0000000000000040 (64)
00:00:02.832389 
00:00:02.832389 [/Devices/pckbd/0/LUN#1/] (level 4)
00:00:02.832390   Driver <string>  = "MouseQueue" (cb=11)
00:00:02.832390 
00:00:02.832391 [/Devices/pckbd/0/LUN#1/AttachedDriver/] (level 5)
00:00:02.832391   Driver <string>  = "MainMouse" (cb=10)
00:00:02.832392 
00:00:02.832392 [/Devices/pckbd/0/LUN#1/AttachedDriver/Config/] (level 6)
00:00:02.832393   Object <integer> = 0x00000000021a3f00 (35 274 496)
00:00:02.832393 
00:00:02.832393 [/Devices/pckbd/0/LUN#1/Config/] (level 5)
00:00:02.832394   QueueSize <integer> = 0x0000000000000080 (128)
00:00:02.832394 
00:00:02.832395 [/Devices/pcnet/] (level 2)
00:00:02.832395 
00:00:02.832395 [/Devices/pcnet/0/] (level 3)
00:00:02.832396   PCIBusNo      <integer> = 0x0000000000000000 (0)
00:00:02.832396   PCIDeviceNo   <integer> = 0x0000000000000003 (3)
00:00:02.832397   PCIFunctionNo <integer> = 0x0000000000000000 (0)
00:00:02.832397   Trusted       <integer> = 0x0000000000000001 (1)
00:00:02.832398 
00:00:02.832398 [/Devices/pcnet/0/Config/] (level 4)
00:00:02.832398   CableConnected <integer> = 0x0000000000000001 (1)
00:00:02.832399   ChipType       <string>  = "Am79C973" (cb=9)
00:00:02.832399   LineSpeed      <integer> = 0x0000000000000000 (0)
00:00:02.832400   MAC            <bytes>   = "08 00 27 1a 18 8d" (cb=6)
00:00:02.832401 
00:00:02.832401 [/Devices/pcnet/0/LUN#0/] (level 4)
00:00:02.832401   Driver <string>  = "NAT" (cb=4)
00:00:02.832402 
00:00:02.832402 [/Devices/pcnet/0/LUN#0/Config/] (level 5)
00:00:02.832403   AliasMode       <integer> = 0x0000000000000000 (0)
00:00:02.832403   BootFile        <string>  = "MyOS.pxe" (cb=9)
00:00:02.832403   DNSProxy        <integer> = 0x0000000000000000 (0)
00:00:02.832404   Network         <string>  = "10.0.2.0/24" (cb=12)
00:00:02.832404   PassDomain      <integer> = 0x0000000000000001 (1)
00:00:02.832405   TFTPPrefix      <string>  = "C:\Users\ayu\.VirtualBox\TFTP" (cb=30)
00:00:02.832405   UseHostResolver <integer> = 0x0000000000000000 (0)
00:00:02.832406 
00:00:02.832406 [/Devices/pcnet/0/LUN#999/] (level 4)
00:00:02.832406   Driver <string>  = "MainStatus" (cb=11)
00:00:02.832407 
00:00:02.832407 [/Devices/pcnet/0/LUN#999/Config/] (level 5)
00:00:02.832408   First   <integer> = 0x0000000000000000 (0)
00:00:02.832408   Last    <integer> = 0x0000000000000000 (0)
00:00:02.832409   papLeds <integer> = 0x0000000002456050 (38 101 072)
00:00:02.832409 
00:00:02.832409 [/Devices/piix3ide/] (level 2)
00:00:02.832410 
00:00:02.832410 [/Devices/piix3ide/0/] (level 3)
00:00:02.832411   PCIBusNo      <integer> = 0x0000000000000000 (0)
00:00:02.832411   PCIDeviceNo   <integer> = 0x0000000000000001 (1)
00:00:02.832411   PCIFunctionNo <integer> = 0x0000000000000001 (1)
00:00:02.832412   Trusted       <integer> = 0x0000000000000001 (1)
00:00:02.832412 
00:00:02.832412 [/Devices/piix3ide/0/Config/] (level 4)
00:00:02.832413   Type <string>  = "PIIX4" (cb=6)
00:00:02.832413 
00:00:02.832413 [/Devices/piix3ide/0/LUN#0/] (level 4)
00:00:02.832414   Driver <string>  = "VD" (cb=3)
00:00:02.832414 
00:00:02.832414 [/Devices/piix3ide/0/LUN#0/Config/] (level 5)
00:00:02.832415   Format    <string>  = "VHD" (cb=4)
00:00:02.832416   Mountable <integer> = 0x0000000000000000 (0)
00:00:02.832416   Path      <string>  = "D:\os-code\dingst.vhd" (cb=22)
00:00:02.832417   Type      <string>  = "HardDisk" (cb=9)
00:00:02.832417 
00:00:02.832417 [/Devices/piix3ide/0/LUN#2/] (level 4)
00:00:02.832418   Driver <string>  = "VD" (cb=3)
00:00:02.832418 
00:00:02.832418 [/Devices/piix3ide/0/LUN#2/Config/] (level 5)
00:00:02.832419   EmptyDrive <integer> = 0x0000000000000001 (1)
00:00:02.832420   Mountable  <integer> = 0x0000000000000001 (1)
00:00:02.832420   Type       <string>  = "DVD" (cb=4)
00:00:02.832420 
00:00:02.832421 [/Devices/piix3ide/0/LUN#999/] (level 4)
00:00:02.832421   Driver <string>  = "MainStatus" (cb=11)
00:00:02.832422 
00:00:02.832422 [/Devices/piix3ide/0/LUN#999/Config/] (level 5)
00:00:02.832423   DeviceInstance        <string>  = "piix3ide/0" (cb=11)
00:00:02.832423   First                 <integer> = 0x0000000000000000 (0)
00:00:02.832424   Last                  <integer> = 0x0000000000000003 (3)
00:00:02.832424   pConsole              <integer> = 0x00000000024558b0 (38 099 120)
00:00:02.832425   papLeds               <integer> = 0x0000000002455cd0 (38 100 176)
00:00:02.832425   pmapMediumAttachments <integer> = 0x0000000002456190 (38 101 392)
00:00:02.832426 
00:00:02.832426 [/Devices/serial/] (level 2)
00:00:02.832426 
00:00:02.832427 [/Devices/usb-ohci/] (level 2)
00:00:02.832427 
00:00:02.832427 [/Devices/usb-ohci/0/] (level 3)
00:00:02.832428   PCIBusNo      <integer> = 0x0000000000000000 (0)
00:00:02.832428   PCIDeviceNo   <integer> = 0x0000000000000006 (6)
00:00:02.832429   PCIFunctionNo <integer> = 0x0000000000000000 (0)
00:00:02.832429   Trusted       <integer> = 0x0000000000000001 (1)
00:00:02.832429 
00:00:02.832430 [/Devices/usb-ohci/0/Config/] (level 4)
00:00:02.832430 
00:00:02.832430 [/Devices/usb-ohci/0/LUN#0/] (level 4)
00:00:02.832431   Driver <string>  = "VUSBRootHub" (cb=12)
00:00:02.832431 
00:00:02.832431 [/Devices/usb-ohci/0/LUN#0/Config/] (level 5)
00:00:02.832432 
00:00:02.832432 [/Devices/usb-ohci/0/LUN#999/] (level 4)
00:00:02.832433   Driver <string>  = "MainStatus" (cb=11)
00:00:02.832433 
00:00:02.832433 [/Devices/usb-ohci/0/LUN#999/Config/] (level 5)
00:00:02.832434   First   <integer> = 0x0000000000000000 (0)
00:00:02.832434   Last    <integer> = 0x0000000000000000 (0)
00:00:02.832435   papLeds <integer> = 0x0000000002456178 (38 101 368)
00:00:02.832435 
00:00:02.832435 [/Devices/vga/] (level 2)
00:00:02.832436 
00:00:02.832436 [/Devices/vga/0/] (level 3)
00:00:02.832437   PCIBusNo      <integer> = 0x0000000000000000 (0)
00:00:02.832437   PCIDeviceNo   <integer> = 0x0000000000000002 (2)
00:00:02.832437   PCIFunctionNo <integer> = 0x0000000000000000 (0)
00:00:02.832438   Trusted       <integer> = 0x0000000000000001 (1)
00:00:02.832438 
00:00:02.832438 [/Devices/vga/0/Config/] (level 4)
00:00:02.832439   3DEnabled        <integer> = 0x0000000000000000 (0)
00:00:02.832439   CustomVideoModes <integer> = 0x0000000000000000 (0)
00:00:02.832440   FadeIn           <integer> = 0x0000000000000001 (1)
00:00:02.832440   FadeOut          <integer> = 0x0000000000000001 (1)
00:00:02.832441   HeightReduction  <integer> = 0x0000000000000000 (0)
00:00:02.832441   LogoFile         <string>  = "" (cb=1)
00:00:02.832442   LogoTime         <integer> = 0x0000000000000000 (0)
00:00:02.832442   MonitorCount     <integer> = 0x0000000000000001 (1)
00:00:02.832442   ShowBootMenu     <integer> = 0x0000000000000002 (2)
00:00:02.832443   VRamSize         <integer> = 0x0000000000500000 (5 242 880, 5 MB)
00:00:02.832444 
00:00:02.832444 [/Devices/vga/0/LUN#0/] (level 4)
00:00:02.832444   Driver <string>  = "MainDisplay" (cb=12)
00:00:02.832445 
00:00:02.832445 [/Devices/vga/0/LUN#0/Config/] (level 5)
00:00:02.832445   Object <integer> = 0x0000000002458990 (38 111 632)
00:00:02.832446 
00:00:02.832446 [/Devices/vga/0/LUN#999/] (level 4)
00:00:02.832447   Driver <string>  = "MainStatus" (cb=11)
00:00:02.832447 
00:00:02.832447 [/Devices/vga/0/LUN#999/Config/] (level 5)
00:00:02.832448   First   <integer> = 0x0000000000000000 (0)
00:00:02.832448   Last    <integer> = 0x0000000000000000 (0)
00:00:02.832449   papLeds <integer> = 0x0000000002456188 (38 101 384)
00:00:02.832449 
00:00:02.832449 [/Devices/virtio-net/] (level 2)
00:00:02.832450 
00:00:02.832450 [/EM/] (level 1)
00:00:02.832450   TripleFaultReset <integer> = 0x0000000000000000 (0)
00:00:02.832451 
00:00:02.832451 [/GIM/] (level 1)
00:00:02.832452   Provider <string>  = "None" (cb=5)
00:00:02.832452 
00:00:02.832452 [/HM/] (level 1)
00:00:02.832453   64bitEnabled       <integer> = 0x0000000000000000 (0)
00:00:02.832454   EnableLargePages   <integer> = 0x0000000000000001 (1)
00:00:02.832454   EnableNestedPaging <integer> = 0x0000000000000001 (1)
00:00:02.832454   EnableUX           <integer> = 0x0000000000000001 (1)
00:00:02.832455   EnableVPID         <integer> = 0x0000000000000001 (1)
00:00:02.832455   Exclusive          <integer> = 0x0000000000000000 (0)
00:00:02.832456   HMForced           <integer> = 0x0000000000000001 (1)
00:00:02.832456   IBPBOnVMEntry      <integer> = 0x0000000000000000 (0)
00:00:02.832457   IBPBOnVMExit       <integer> = 0x0000000000000000 (0)
00:00:02.832457   L1DFlushOnSched    <integer> = 0x0000000000000001 (1)
00:00:02.832457   L1DFlushOnVMEntry  <integer> = 0x0000000000000000 (0)
00:00:02.832458   MDSClearOnSched    <integer> = 0x0000000000000001 (1)
00:00:02.832458   MDSClearOnVMEntry  <integer> = 0x0000000000000000 (0)
00:00:02.832459   SpecCtrlByHost     <integer> = 0x0000000000000000 (0)
00:00:02.832459   UseNEMInstead      <integer> = 0x0000000000000000 (0)
00:00:02.832460 
00:00:02.832460 [/MM/] (level 1)
00:00:02.832460   CanUseLargerHeap <integer> = 0x0000000000000000 (0)
00:00:02.832460 
00:00:02.832461 [/NEM/] (level 1)
00:00:02.832461   Allow64BitGuests <integer> = 0x0000000000000000 (0)
00:00:02.832461 
00:00:02.832461 [/PDM/] (level 1)
00:00:02.832462 
00:00:02.832462 [/PDM/AsyncCompletion/] (level 2)
00:00:02.832463 
00:00:02.832463 [/PDM/AsyncCompletion/File/] (level 3)
00:00:02.832464 
00:00:02.832464 [/PDM/AsyncCompletion/File/BwGroups/] (level 4)
00:00:02.832465 
00:00:02.832465 [/PDM/BlkCache/] (level 2)
00:00:02.832466   CacheSize <integer> = 0x0000000000500000 (5 242 880, 5 MB)
00:00:02.832466 
00:00:02.832466 [/PDM/Devices/] (level 2)
00:00:02.832467 
00:00:02.832467 [/PDM/Drivers/] (level 2)
00:00:02.832468 
00:00:02.832468 [/PDM/Drivers/VBoxC/] (level 3)
00:00:02.832468   Path <string>  = "VBoxC" (cb=6)
00:00:02.832469 
00:00:02.832469 [/PDM/NetworkShaper/] (level 2)
00:00:02.832469 
00:00:02.832470 [/PDM/NetworkShaper/BwGroups/] (level 3)
00:00:02.832471 
00:00:02.832471 [/TM/] (level 1)
00:00:02.832471   UTCOffset <integer> = 0x0000000000000000 (0)
00:00:02.832472 
00:00:02.832472 [/USB/] (level 1)
00:00:02.832472 
00:00:02.832472 [/USB/USBProxy/] (level 2)
00:00:02.832473 
00:00:02.832473 [/USB/USBProxy/GlobalConfig/] (level 3)
00:00:02.832473 
00:00:02.832474 ********************* End of CFGM dump **********************
00:00:02.832515 HM: HMR3Init: AMD-V w/ nested paging
00:00:02.832611 MM: cbHyperHeap=0x200000 (2097152)
00:00:02.833387 CPUM: fXStateHostMask=0x7; initial: 0x7; host XCR0=0x7
00:00:02.833811 CPUM: Matched host CPU AMD 0x17/0x60/0x1 AMD_Zen_Ryzen with CPU DB entry 'AMD FX-8150 Eight-Core' (AMD 0x15/0x1/0x2 AMD_15h_Bulldozer)
00:00:02.833857 CPUM: MXCSR_MASK=0x2ffff (host: 0x2ffff)
00:00:02.833868 CPUM: Microcode revision 0x08600106
00:00:02.833878 CPUM: Changing leaf 13[0]: EBX=0x340 -> 0x340, ECX=0x380 -> 0x340
00:00:02.833891 CPUM: MSR fudge: 0x00000017 IA32_PLATFORM_ID
00:00:02.833898 CPUM: MSR fudge: 0x000001a0 IA32_MISC_ENABLE
00:00:02.833905 CPUM: MSR fudge: 0x0000002c P4_EBC_FREQUENCY_ID
00:00:02.833998 PGM: Host paging mode: AMD64+PGE+NX
00:00:02.834007 PGM: PGMPool: cMaxPages=256 (u64MaxPages=64)
00:00:02.834013 PGM: pgmR3PoolInit: cMaxPages=0x100 cMaxUsers=0x200 cMaxPhysExts=0x200 fCacheEnable=true 
00:00:02.834368 TM: GIP - u32Mode=3 (Invariant) u32UpdateHz=93 u32UpdateIntervalNS=10734900 enmUseTscDelta=2 (Practically Zero) fGetGipCpu=0x3b cCpus=16
00:00:02.834378 TM: GIP - u64CpuHz=1 796 626 508 (0x6b16584c)  SUPGetCpuHzFromGip => 1 796 626 508
00:00:02.834385 TM: GIP - CPU: iCpuSet=0x0 idCpu=0x0 idApic=0x0 iGipCpu=0x4 i64TSCDelta=0 enmState=3 u64CpuHz=1796626173(*) cErrors=0
00:00:02.834392 TM: GIP - CPU: iCpuSet=0x1 idCpu=0x1 idApic=0x1 iGipCpu=0x5 i64TSCDelta=0 enmState=3 u64CpuHz=1796626246(*) cErrors=0
00:00:02.834399 TM: GIP - CPU: iCpuSet=0x2 idCpu=0x2 idApic=0x2 iGipCpu=0x6 i64TSCDelta=0 enmState=3 u64CpuHz=1796625921(*) cErrors=0
00:00:02.834405 TM: GIP - CPU: iCpuSet=0x3 idCpu=0x3 idApic=0x3 iGipCpu=0x8 i64TSCDelta=0 enmState=3 u64CpuHz=1796626278(*) cErrors=0
00:00:02.834410 TM: GIP - CPU: iCpuSet=0x4 idCpu=0x4 idApic=0x4 iGipCpu=0x9 i64TSCDelta=0 enmState=3 u64CpuHz=1796626493(*) cErrors=0
00:00:02.834415 TM: GIP - CPU: iCpuSet=0x5 idCpu=0x5 idApic=0x5 iGipCpu=0x7 i64TSCDelta=0 enmState=3 u64CpuHz=1796626302(*) cErrors=0
00:00:02.834420 TM: GIP - CPU: iCpuSet=0x6 idCpu=0x6 idApic=0x6 iGipCpu=0xe i64TSCDelta=0 enmState=3 u64CpuHz=1796626508(*) cErrors=0
00:00:02.834426 TM: GIP - CPU: iCpuSet=0x7 idCpu=0x7 idApic=0x7 iGipCpu=0xd i64TSCDelta=0 enmState=3 u64CpuHz=1796626435(*) cErrors=0
00:00:02.834431 TM: GIP - CPU: iCpuSet=0x8 idCpu=0x8 idApic=0x8 iGipCpu=0xf i64TSCDelta=0 enmState=3 u64CpuHz=1796629355(*) cErrors=0
00:00:02.834436 TM: GIP - CPU: iCpuSet=0x9 idCpu=0x9 idApic=0x9 iGipCpu=0xc i64TSCDelta=0 enmState=3 u64CpuHz=1796626509(*) cErrors=0
00:00:02.834441 TM: GIP - CPU: iCpuSet=0xa idCpu=0xa idApic=0xa iGipCpu=0x1 i64TSCDelta=0 enmState=3 u64CpuHz=1796629355(*) cErrors=0
00:00:02.834446 TM: GIP - CPU: iCpuSet=0xb idCpu=0xb idApic=0xb iGipCpu=0xb i64TSCDelta=0 enmState=3 u64CpuHz=1796626511(*) cErrors=0
00:00:02.834451 TM: GIP - CPU: iCpuSet=0xc idCpu=0xc idApic=0xc iGipCpu=0x2 i64TSCDelta=0 enmState=3 u64CpuHz=1796619881(*) cErrors=0
00:00:02.834456 TM: GIP - CPU: iCpuSet=0xd idCpu=0xd idApic=0xd iGipCpu=0xa i64TSCDelta=0 enmState=3 u64CpuHz=1796626481(*) cErrors=0
00:00:02.834462 TM: GIP - CPU: iCpuSet=0xe idCpu=0xe idApic=0xe iGipCpu=0x3 i64TSCDelta=0 enmState=3 u64CpuHz=1796625935(*) cErrors=0
00:00:02.834468 TM: GIP - CPU: iCpuSet=0xf idCpu=0xf idApic=0xf iGipCpu=0x0 i64TSCDelta=0 enmState=3 u64CpuHz=1796626508(*) cErrors=0
00:00:02.834499 TM: cTSCTicksPerSecond=1 796 626 508 (0x6b16584c) enmTSCMode=3 (Dynamic)
00:00:02.834501 TM: TSCTiedToExecution=false TSCNotTiedToHalt=false
00:00:02.835301 EMR3Init: fIemExecutesAll=false fGuruOnTripleFault=true 
00:00:02.835539 IEM: TargetCpu=CURRENT, Microarch=AMD_Zen_Ryzen
00:00:02.835671 GIM: Using provider 'None' (Implementation version: 0)
00:00:02.835743 AIOMgr: Default manager type is 'Async'
00:00:02.835755 AIOMgr: Default file backend is 'NonBuffered'
00:00:02.836004 BlkCache: Cache successfully initialized. Cache size is 5242880 bytes
00:00:02.836025 BlkCache: Cache commit interval is 10000 ms
00:00:02.836035 BlkCache: Cache commit threshold is 2621440 bytes
00:00:03.159519 PcBios: [SMP] BIOS with 1 CPUs
00:00:03.159547 PcBios: Using the 386+ BIOS image.
00:00:03.160143 PcBios: fCheckShutdownStatusForSoftReset=true   fClearShutdownStatusOnHardReset=true 
00:00:03.192036 SUP: seg #0: R   0x00000000 LB 0x00001000
00:00:03.192056 SUP: seg #1: R X 0x00001000 LB 0x0001e000
00:00:03.192062 SUP: seg #2: R   0x0001f000 LB 0x0000d000
00:00:03.192067 SUP: seg #3: RW  0x0002c000 LB 0x00001000
00:00:03.192072 SUP: seg #4: R   0x0002d000 LB 0x00003000
00:00:03.192077 SUP: seg #5: RWX 0x00030000 LB 0x00001000
00:00:03.192081 SUP: seg #6: R   0x00031000 LB 0x00002000
00:00:03.192140 SUP: Loaded VBoxDDR0.r0 (D:\Program Files\Oracle\VirtualBox\VBoxDDR0.r0) at 0xXXXXXXXXXXXXXXXX - ModuleInit at XXXXXXXXXXXXXXXX and ModuleTerm at XXXXXXXXXXXXXXXX using the native ring-0 loader
00:00:03.192148 SUP: windbg> .reload /f D:\Program Files\Oracle\VirtualBox\VBoxDDR0.r0=0xXXXXXXXXXXXXXXXX
00:00:03.192383 CPUM: SetGuestCpuIdFeature: Enabled xAPIC
00:00:03.192467 PIT: mode=3 count=0x10000 (65536) - 18.20 Hz (ch=0)
00:00:03.202797 Shared Folders service loaded
00:00:03.211010 Guest Control service loaded
00:00:03.220336 VGA: Using the 386+ BIOS image.
00:00:03.221772 DrvVD: Flushes will be ignored
00:00:03.221794 DrvVD: Async flushes will be passed to the disk
00:00:03.222057 VD: VDInit finished with VINF_SUCCESS
00:00:03.222215 VD: Opening the disk took 410369 ns
00:00:03.222262 PIIX3 ATA: LUN#0: disk, PCHS=301/4/17, total number of sectors 20480
00:00:03.222312 PIIX3 ATA: LUN#1: no unit
00:00:03.222366 DrvVD: Flushes will be ignored
00:00:03.222372 DrvVD: Async flushes will be passed to the disk
00:00:03.222395 PIIX3 ATA: LUN#2: CD/DVD, total number of sectors 0, passthrough disabled
00:00:03.222401 PIIX3 ATA: LUN#3: no unit
00:00:03.222459 PIIX3 ATA: Ctl#0: finished processing RESET
00:00:03.222481 PIIX3 ATA: Ctl#1: finished processing RESET
00:00:03.234454 NAT: Guest address guess set to 10.0.2.15 by initialization
00:00:03.252086 NAT: DNS#0: 202.101.226.69
00:00:03.252116 NAT: DNS#1: 202.101.224.69
00:00:03.253025 AC97: Using codec 'STAC9700'
00:00:03.253088 Audio: Initializing DirectSound audio driver
00:00:03.468618 Audio: Found 4 devices for driver 'DSoundAudio'
00:00:03.468635 Audio: Device '主声音驱动程序':
00:00:03.468640 Audio: 	Usage           = Output
00:00:03.468645 Audio: 	Flags           = DEFAULT
00:00:03.468650 Audio: 	Input channels  = 0
00:00:03.468655 Audio: 	Output channels = 2
00:00:03.468660 Audio: Device '扬声器 (Realtek(R) Audio)':
00:00:03.468665 Audio: 	Usage           = Output
00:00:03.468670 Audio: 	Flags           = NONE
00:00:03.468674 Audio: 	Input channels  = 0
00:00:03.468679 Audio: 	Output channels = 2
00:00:03.468684 Audio: Device '主声音捕获驱动程序':
00:00:03.468688 Audio: 	Usage           = Input
00:00:03.468693 Audio: 	Flags           = NONE
00:00:03.468698 Audio: 	Input channels  = 2
00:00:03.468702 Audio: 	Output channels = 0
00:00:03.468707 Audio: Device '麦克风阵列 (Realtek(R) Audio)':
00:00:03.468711 Audio: 	Usage           = Input
00:00:03.468716 Audio: 	Flags           = NONE
00:00:03.468721 Audio: 	Input channels  = 2
00:00:03.468725 Audio: 	Output channels = 0
00:00:03.468781 AC97: Reset
00:00:03.468788 AC97: Mixer reset (EAID=0x809, EACS=0x9)
00:00:03.468793 AC97: Record select to left=Microphone In, right=Microphone In
00:00:03.469070 PGM: The CPU physical address width is 48 bits
00:00:03.469080 PGM: PGMR3InitFinalize: 4 MB PSE mask 0000ffffffffffff -> VINF_SUCCESS
00:00:03.469172 TM: TMR3InitFinalize: fTSCModeSwitchAllowed=false
00:00:03.469300 VMM: Thread-context hooks unavailable
00:00:03.469307 VMM: RTThreadPreemptIsPending() can be trusted
00:00:03.469312 VMM: Kernel preemption is possible
00:00:03.469550 HM: fWorldSwitcher=0x0 (fIbpbOnVmExit=false fIbpbOnVmEntry=false fL1dFlushOnVmEntry=false); fL1dFlushOnSched=false fMdsClearOnVmEntry=false
00:00:03.469561 HM: Using AMD-V implementation 2.0
00:00:03.469561 HM: Max resume loops                  = 8192
00:00:03.469562 HM: AMD HWCR MSR                      = 0x109000011
00:00:03.469563 HM: AMD-V revision                    = 0x1
00:00:03.469563 HM: AMD-V max ASID                    = 32768
00:00:03.469563 HM: AMD-V features                    = 0x13bcff
00:00:03.469564 HM:   NESTED_PAGING
00:00:03.469564 HM:   LBR_VIRT
00:00:03.469564 HM:   SVM_LOCK
00:00:03.469564 HM:   NRIP_SAVE
00:00:03.469565 HM:   TSC_RATE_MSR
00:00:03.469565 HM:   VMCB_CLEAN
00:00:03.469565 HM:   FLUSH_BY_ASID
00:00:03.469565 HM:   DECODE_ASSISTS
00:00:03.469566 HM:   PAUSE_FILTER
00:00:03.469566 HM:   PAUSE_FILTER_THRESHOLD
00:00:03.469566 HM:   AVIC
00:00:03.469566 HM:   VIRT_VMSAVE_VMLOAD
00:00:03.469568 HM:   VGIF
00:00:03.469568 HM:   GMET
00:00:03.469568 HM:   Reserved bit 11
00:00:03.469568 HM:   Reserved bit 20
00:00:03.469578 HM: Enabled SVM
00:00:03.469578 HM:   Enabled nested paging
00:00:03.469578 HM:   Enabled large page support
00:00:03.469580 CPUM: SetGuestCpuIdFeature: Enabled SYSENTER/EXIT
00:00:03.469581 CPUM: SetGuestCpuIdFeature: Enabled SYSCALL/RET
00:00:03.469581 HM: Disabled TPR patching
00:00:03.469581 HM: Guest support: 32-bit only
00:00:03.469582 HM: VT-x/AMD-V init method: Local
00:00:03.469582 EM: Exit history optimizations: enabled=true  enabled-r0=true  enabled-r0-no-preemption=false
00:00:03.469624 PcBios: ATA LUN#0 LCHS=301/4/17
00:00:03.469634 APIC: fPostedIntrsEnabled=false fVirtApicRegsEnabled=false fSupportsTscDeadline=false
00:00:03.469640 TMR3UtcNow: nsNow=1 610 011 788 746 719 800 nsPrev=0 -> cNsDelta=1 610 011 788 746 719 800 (offLag=0 offVirtualSync=0 offVirtualSyncGivenUp=0, NowAgain=1 610 011 788 746 719 800)
00:00:03.469653 VMM: fUsePeriodicPreemptionTimers=false
00:00:03.469661 CPUM: Logical host processors: 16 present, 16 max, 16 online, online mask: 000000000000ffff
00:00:03.469662 CPUM: Physical host cores: 8
00:00:03.469663 ************************* CPUID dump ************************
00:00:03.469666          Raw Standard CPUID Leaves
00:00:03.469666      Leaf/sub-leaf  eax      ebx      ecx      edx
00:00:03.469668 Gst: 00000000/0000  00000010 68747541 444d4163 69746e65
00:00:03.469669 Hst:                00000010 68747541 444d4163 69746e65
00:00:03.469669 Gst: 00000001/0000  00860f01 00010800 56d8220b 178bfbbf
00:00:03.469670 Hst:                00860f01 08100800 7ed8320b 178bfbff
00:00:03.469671 Gst: 00000002/0000  00000000 00000000 00000000 00000000
00:00:03.469671 Hst:                00000000 00000000 00000000 00000000
00:00:03.469672 Gst: 00000003/0000  00000000 00000000 00000000 00000000
00:00:03.469672 Hst:                00000000 00000000 00000000 00000000
00:00:03.469673 Gst: 00000004/0000  00000000 00000000 00000000 00000000
00:00:03.469673 Hst:                00000000 00000000 00000000 00000000
00:00:03.469674 Gst: 00000005/0000  00000040 00000040 00000000 00000000
00:00:03.469674 Hst:                00000040 00000040 00000003 00000011
00:00:03.469675 Gst: 00000006/0000  00000000 00000000 00000000 00000000
00:00:03.469675 Hst:                00000004 00000000 00000001 00000000
00:00:03.469675 Gst: 00000007/0000  00000000 00840021 00000000 00000000
00:00:03.469676 Hst:                00000000 219c91a9 00400004 00000000
00:00:03.469676 Gst: 00000007/0001  00000000 00000000 00000000 00000000
00:00:03.469677 Hst:                00000000 00000000 00000000 00000000
00:00:03.469677 Gst: 00000008/0000  00000000 00000000 00000000 00000000
00:00:03.469678 Hst:                00000000 00000000 00000000 00000000
00:00:03.469678 Gst: 00000009/0000  00000000 00000000 00000000 00000000
00:00:03.469679 Hst:                00000000 00000000 00000000 00000000
00:00:03.469679 Gst: 0000000a/0000  00000000 00000000 00000000 00000000
00:00:03.469679 Hst:                00000000 00000000 00000000 00000000
00:00:03.469680 Gst: 0000000b/0000  00000000 00000001 00000100 00000000
00:00:03.469680 Hst:                00000001 00000002 00000100 00000008
00:00:03.469681 Gst: 0000000b/0001  00000001 00000001 00000201 00000000
00:00:03.469681 Hst:                00000007 00000010 00000201 00000008
00:00:03.469682 Gst: 0000000b/0002  00000000 00000000 00000002 00000000
00:00:03.469682 Hst:                00000000 00000000 00000002 00000008
00:00:03.469683 Gst: 0000000c/0000  00000000 00000000 00000000 00000000
00:00:03.469683 Hst:                00000000 00000000 00000000 00000000
00:00:03.469683 Gst: 0000000d/0000  00000007 00000340 00000340 00000000
00:00:03.469684 Hst:                00000207 00000340 00000380 00000000
00:00:03.469684 Gst: 0000000d/0001  00000000 00000340 00000000 00000000
00:00:03.469685 Hst:                0000000f 00000340 00000000 00000000
00:00:03.469685 Gst: 0000000d/0002  00000100 00000240 00000000 00000000
00:00:03.469685 Hst:                00000100 00000240 00000000 00000000
00:00:03.469686 Gst: 0000000d/0003  00000000 00000000 00000000 00000000
00:00:03.469686 Hst:                00000000 00000000 00000000 00000000
00:00:03.469687 Gst: 0000000d/0004  00000000 00000000 00000000 00000000
00:00:03.469687 Hst:                00000000 00000000 00000000 00000000
00:00:03.469688 Gst: 0000000d/0005  00000000 00000000 00000000 00000000
00:00:03.469688 Hst:                00000000 00000000 00000000 00000000
00:00:03.469688 Gst: 0000000d/0006  00000000 00000000 00000000 00000000
00:00:03.469689 Hst:                00000000 00000000 00000000 00000000
00:00:03.469689 Gst: 0000000d/0007  00000000 00000000 00000000 00000000
00:00:03.469690 Hst:                00000000 00000000 00000000 00000000
00:00:03.469690 Gst: 0000000d/0008  00000000 00000000 00000000 00000000
00:00:03.469691 Hst:                00000000 00000000 00000000 00000000
00:00:03.469691 Gst: 0000000d/0009  00000000 00000000 00000000 00000000
00:00:03.469691 Hst:                00000040 00000340 00000000 00000000
00:00:03.469692 Gst: 0000000d/000a  00000000 00000000 00000000 00000000
00:00:03.469692 Hst:                00000000 00000000 00000000 00000000
00:00:03.469697 Gst: 0000000e/0000  00000000 00000000 00000000 00000000
00:00:03.469698 Hst:                00000000 00000000 00000000 00000000
00:00:03.469698 Gst: 0000000f/0000  00000000 00000000 00000000 00000000
00:00:03.469699 Hst:                00000000 000000ff 00000000 00000002
00:00:03.469699 Hst: 00000010/0000  00000000 00000002 00000000 00000000
00:00:03.469700                                Name: AuthenticAMD
00:00:03.469701                            Supports: 0x00000000-0x00000010
00:00:03.469702                              Family: 15 	Extended: 8 	Effective: 23
00:00:03.469703                               Model:  0 	Extended: 6 	Effective: 96
00:00:03.469704                            Stepping: 1
00:00:03.469704                                Type: 0 (primary)
00:00:03.469705                             APIC ID: 0x00
00:00:03.469706                        Logical CPUs: 1
00:00:03.469706                        CLFLUSH Size: 8
00:00:03.469706                            Brand ID: 0x00
00:00:03.469707 Features
00:00:03.469707   Mnemonic - Description                                  = guest (host)
00:00:03.469709   FPU - x87 FPU on Chip                                   = 1 (1)
00:00:03.469710   VME - Virtual 8086 Mode Enhancements                    = 1 (1)
00:00:03.469711   DE - Debugging extensions                               = 1 (1)
00:00:03.469712   PSE - Page Size Extension                               = 1 (1)
00:00:03.469712   TSC - Time Stamp Counter                                = 1 (1)
00:00:03.469713   MSR - Model Specific Registers                          = 1 (1)
00:00:03.469713   PAE - Physical Address Extension                        = 0 (1)
00:00:03.469714   MCE - Machine Check Exception                           = 1 (1)
00:00:03.469715   CX8 - CMPXCHG8B instruction                             = 1 (1)
00:00:03.469715   APIC - APIC On-Chip                                     = 1 (1)
00:00:03.469716   SEP - SYSENTER and SYSEXIT Present                      = 1 (1)
00:00:03.469717   MTRR - Memory Type Range Registers                      = 1 (1)
00:00:03.469717   PGE - PTE Global Bit                                    = 1 (1)
00:00:03.469718   MCA - Machine Check Architecture                        = 1 (1)
00:00:03.469718   CMOV - Conditional Move instructions                    = 1 (1)
00:00:03.469719   PAT - Page Attribute Table                              = 1 (1)
00:00:03.469719   PSE-36 - 36-bit Page Size Extension                     = 1 (1)
00:00:03.469720   PSN - Processor Serial Number                           = 0 (0)
00:00:03.469721   CLFSH - CLFLUSH instruction                             = 1 (1)
00:00:03.469721   DS - Debug Store                                        = 0 (0)
00:00:03.469722   ACPI - Thermal Mon. & Soft. Clock Ctrl.                 = 0 (0)
00:00:03.469722   MMX - Intel MMX Technology                              = 1 (1)
00:00:03.469723   FXSR - FXSAVE and FXRSTOR instructions                  = 1 (1)
00:00:03.469724   SSE - SSE support                                       = 1 (1)
00:00:03.469724   SSE2 - SSE2 support                                     = 1 (1)
00:00:03.469725   SS - Self Snoop                                         = 0 (0)
00:00:03.469725   HTT - Hyper-Threading Technology                        = 1 (1)
00:00:03.469726   TM - Therm. Monitor                                     = 0 (0)
00:00:03.469727   PBE - Pending Break Enabled                             = 0 (0)
00:00:03.469727   SSE3 - SSE3 support                                     = 1 (1)
00:00:03.469728   PCLMUL - PCLMULQDQ support (for AES-GCM)                = 1 (1)
00:00:03.469728   DTES64 - DS Area 64-bit Layout                          = 0 (0)
00:00:03.469729   MONITOR - MONITOR/MWAIT instructions                    = 1 (1)
00:00:03.469730   CPL-DS - CPL Qualified Debug Store                      = 0 (0)
00:00:03.469730   VMX - Virtual Machine Extensions                        = 0 (0)
00:00:03.469731   SMX - Safer Mode Extensions                             = 0 (0)
00:00:03.469731   EST - Enhanced SpeedStep Technology                     = 0 (0)
00:00:03.469732   TM2 - Terminal Monitor 2                                = 0 (0)
00:00:03.469732   SSSE3 - Supplemental Streaming SIMD Extensions 3        = 1 (1)
00:00:03.469733   CNTX-ID - L1 Context ID                                 = 0 (0)
00:00:03.469733   SDBG - Silicon Debug interface                          = 0 (0)
00:00:03.469734   FMA - Fused Multiply Add extensions                     = 0 (1)
00:00:03.469735   CX16 - CMPXCHG16B instruction                           = 1 (1)
00:00:03.469735   TPRUPDATE - xTPR Update Control                         = 0 (0)
00:00:03.469736   PDCM - Perf/Debug Capability MSR                        = 0 (0)
00:00:03.469736   PCID - Process Context Identifiers                      = 0 (0)
00:00:03.469737   DCA - Direct Cache Access                               = 0 (0)
00:00:03.469737   SSE4_1 - SSE4_1 support                                 = 1 (1)
00:00:03.469738   SSE4_2 - SSE4_2 support                                 = 1 (1)
00:00:03.469739   X2APIC - x2APIC support                                 = 0 (0)
00:00:03.469739   MOVBE - MOVBE instruction                               = 1 (1)
00:00:03.469740   POPCNT - POPCNT instruction                             = 1 (1)
00:00:03.469740   TSCDEADL - Time Stamp Counter Deadline                  = 0 (0)
00:00:03.469741   AES - AES instructions                                  = 1 (1)
00:00:03.469742   XSAVE - XSAVE instruction                               = 1 (1)
00:00:03.469742   OSXSAVE - OSXSAVE instruction                           = 0 (1)
00:00:03.469743   AVX - AVX support                                       = 1 (1)
00:00:03.469743   F16C - 16-bit floating point conversion instructions    = 0 (1)
00:00:03.469744   RDRAND - RDRAND instruction                             = 1 (1)
00:00:03.469744   HVP - Hypervisor Present (we're a guest)                = 0 (0)
00:00:03.469745 Structured Extended Feature Flags Enumeration (leaf 7):
00:00:03.469745   Mnemonic - Description                                  = guest (host)
00:00:03.469745   FSGSBASE - RDFSBASE/RDGSBASE/WRFSBASE/WRGSBASE instr.   = 1 (1)
00:00:03.469746   TSCADJUST - Supports MSR_IA32_TSC_ADJUST                = 0 (0)
00:00:03.469746   SGX - Supports Software Guard Extensions                = 0 (0)
00:00:03.469747   BMI1 - Advanced Bit Manipulation extension 1            = 0 (1)
00:00:03.469747   HLE - Hardware Lock Elision                             = 0 (0)
00:00:03.469748   AVX2 - Advanced Vector Extensions 2                     = 1 (1)
00:00:03.469749   FDP_EXCPTN_ONLY - FPU DP only updated on exceptions     = 0 (0)
00:00:03.469749   SMEP - Supervisor Mode Execution Prevention             = 0 (1)
00:00:03.469750   BMI2 - Advanced Bit Manipulation extension 2            = 0 (1)
00:00:03.469750   ERMS - Enhanced REP MOVSB/STOSB instructions            = 0 (0)
00:00:03.469750   INVPCID - INVPCID instruction                           = 0 (0)
00:00:03.469751   RTM - Restricted Transactional Memory                   = 0 (0)
00:00:03.469752   PQM - Platform Quality of Service Monitoring            = 0 (1)
00:00:03.469752   DEPFPU_CS_DS - Deprecates FPU CS, FPU DS values if set  = 0 (0)
00:00:03.469753   MPE - Intel Memory Protection Extensions                = 0 (0)
00:00:03.469753   PQE - Platform Quality of Service Enforcement           = 0 (1)
00:00:03.469753   AVX512F - AVX512 Foundation instructions                = 0 (0)
00:00:03.469754   RDSEED - RDSEED instruction                             = 1 (1)
00:00:03.469755   ADX - ADCX/ADOX instructions                            = 0 (1)
00:00:03.469755   SMAP - Supervisor Mode Access Prevention                = 0 (1)
00:00:03.469756   CLFLUSHOPT - CLFLUSHOPT (Cache Line Flush) instruction  = 1 (1)
00:00:03.469756   24 - Reserved                                           = 0 (1)
00:00:03.469757   INTEL_PT - Intel Processor Trace                        = 0 (0)
00:00:03.469757   AVX512PF - AVX512 Prefetch instructions                 = 0 (0)
00:00:03.469758   AVX512ER - AVX512 Exponential & Reciprocal instructions = 0 (0)
00:00:03.469758   AVX512CD - AVX512 Conflict Detection instructions       = 0 (0)
00:00:03.469759   SHA - Secure Hash Algorithm extensions                  = 0 (1)
00:00:03.469759   PREFETCHWT1 - PREFETCHWT1 instruction                   = 0 (0)
00:00:03.469760   UMIP - User mode insturction prevention                 = 0 (1)
00:00:03.469760   PKU - Protection Key for Usermode pages                 = 0 (0)
00:00:03.469761   OSPKE - CR4.PKU mirror                                  = 0 (0)
00:00:03.469762   MAWAU - Value used by BNDLDX & BNDSTX                   = 0x0 (0x0)
00:00:03.469762   RDPID - Read processor ID support                       = 0 (1)
00:00:03.469763   SGX_LC - Supports SGX Launch Configuration              = 0 (0)
00:00:03.469763 Processor Extended State Enumeration (leaf 0xd):
00:00:03.469764    XSAVE area cur/max size by XCR0, guest: 0x340/0x340
00:00:03.469764     XSAVE area cur/max size by XCR0, host: 0x340/0x380
00:00:03.469765                    Valid XCR0 bits, guest: 0x00000000`00000007 ( x87 SSE YMM_Hi128 )
00:00:03.469766                     Valid XCR0 bits, host: 0x00000000`00000207 ( x87 SSE YMM_Hi128 9 )
00:00:03.469768                     XSAVE features, guest:
00:00:03.469768                      XSAVE features, host: XSAVEOPT XSAVEC XGETBC1 XSAVES
00:00:03.469769       XSAVE area cur size XCR0|XSS, guest: 0x340
00:00:03.469770        XSAVE area cur size XCR0|XSS, host: 0x340
00:00:03.469770                Valid IA32_XSS bits, guest: 0x00000000`00000000
00:00:03.469770                 Valid IA32_XSS bits, host: 0x00000000`00000000
00:00:03.469771   State #2, guest: off=0x0240, cb=0x0100 IA32_XSS-bit -- YMM_Hi128
00:00:03.469772   State #2, host:  off=0x0240, cb=0x0100 IA32_XSS-bit -- YMM_Hi128
00:00:03.469773   State #9, host:  off=0x0340, cb=0x0040 IA32_XSS-bit -- 9
00:00:03.469776          Unknown CPUID Leaves
00:00:03.469776      Leaf/sub-leaf  eax      ebx      ecx      edx
00:00:03.469777 Gst: 0000000f/0001  00000000 00000000 00000000 00000000
00:00:03.469777 Hst:                00000000 00000040 000000ff 00000007
00:00:03.469778 Gst: 0000000f/0002  00000000 00000000 00000000 00000000
00:00:03.469778 Hst:                00000000 00000000 00000000 00000000
00:00:03.469778 Gst: 00000010/0000  00000000 00000000 00000000 00000000
00:00:03.469779 Hst:                00000000 00000002 00000000 00000000
00:00:03.469779 Gst: 00000010/0001  00000000 00000000 00000000 00000000
00:00:03.469780 Hst:                0000000f 00000000 00000004 0000000f
00:00:03.469780 Gst: 00000010/0002  00000000 00000000 00000000 00000000
00:00:03.469781 Hst:                00000000 00000000 00000000 00000000
00:00:03.469781          Raw Extended CPUID Leaves
00:00:03.469782      Leaf/sub-leaf  eax      ebx      ecx      edx
00:00:03.469782 Gst: 80000000/0000  8000001e 68747541 444d4163 69746e65
00:00:03.469783 Hst:                80000020 68747541 444d4163 69746e65
00:00:03.469783 Gst: 80000001/0000  00860f01 00000000 000001f1 0bc3fb3f
00:00:03.469784 Hst:                00860f01 00000000 75c237ff 2fd3fbff
00:00:03.469784 Gst: 80000002/0000  20444d41 657a7952 2037206e 30303834
00:00:03.469785 Hst:                20444d41 657a7952 2037206e 30303834
00:00:03.469786 Gst: 80000003/0000  69772055 52206874 6f656461 7247206e
00:00:03.469786 Hst:                69772055 52206874 6f656461 7247206e
00:00:03.469787 Gst: 80000004/0000  69687061 20207363 20202020 00202020
00:00:03.469788 Hst:                69687061 20207363 20202020 00202020
00:00:03.469788 Gst: 80000005/0000  ff40ff40 ff40ff40 20080140 20080140
00:00:03.469789 Hst:                ff40ff40 ff40ff40 20080140 20080140
00:00:03.469790 Gst: 80000006/0000  48006400 68006400 02006140 00409140
00:00:03.469790 Hst:                48006400 68006400 02006140 00409140
00:00:03.469791 Gst: 80000007/0000  00000000 00000000 00000000 00000100
00:00:03.469791 Hst:                00000000 0000001b 00000000 00006799
00:00:03.469792 Gst: 80000008/0000  00003030 00000000 00000000 00000000
00:00:03.469792 Hst:                00003030 090cf757 0000700f 00010000
00:00:03.469793 Gst: 80000009/0000  00000000 00000000 00000000 00000000
00:00:03.469793 Hst:                00000000 00000000 00000000 00000000
00:00:03.469794 Gst: 8000000a/0000  00000000 00000000 00000000 00000000
00:00:03.469794 Hst:                00000001 00008000 00000000 0013bcff
00:00:03.469795 Gst: 8000000b/0000  00000000 00000000 00000000 00000000
00:00:03.469795 Hst:                00000000 00000000 00000000 00000000
00:00:03.469796 Gst: 8000000c/0000  00000000 00000000 00000000 00000000
00:00:03.469796 Hst:                00000000 00000000 00000000 00000000
00:00:03.469797 Gst: 8000000d/0000  00000000 00000000 00000000 00000000
00:00:03.469797 Hst:                00000000 00000000 00000000 00000000
00:00:03.469797 Gst: 8000000e/0000  00000000 00000000 00000000 00000000
00:00:03.469798 Hst:                00000000 00000000 00000000 00000000
00:00:03.469798 Gst: 8000000f/0000  00000000 00000000 00000000 00000000
00:00:03.469799 Hst:                00000000 00000000 00000000 00000000
00:00:03.469799 Gst: 80000010/0000  00000000 00000000 00000000 00000000
00:00:03.469800 Hst:                00000000 00000000 00000000 00000000
00:00:03.469800 Gst: 80000011/0000  00000000 00000000 00000000 00000000
00:00:03.469800 Hst:                00000000 00000000 00000000 00000000
00:00:03.469801 Gst: 80000012/0000  00000000 00000000 00000000 00000000
00:00:03.469801 Hst:                00000000 00000000 00000000 00000000
00:00:03.469802 Gst: 80000013/0000  00000000 00000000 00000000 00000000
00:00:03.469802 Hst:                00000000 00000000 00000000 00000000
00:00:03.469802 Gst: 80000014/0000  00000000 00000000 00000000 00000000
00:00:03.469803 Hst:                00000000 00000000 00000000 00000000
00:00:03.469803 Gst: 80000015/0000  00000000 00000000 00000000 00000000
00:00:03.469804 Hst:                00000000 00000000 00000000 00000000
00:00:03.469804 Gst: 80000016/0000  00000000 00000000 00000000 00000000
00:00:03.469805 Hst:                00000000 00000000 00000000 00000000
00:00:03.469805 Gst: 80000017/0000  00000000 00000000 00000000 00000000
00:00:03.469805 Hst:                00000000 00000000 00000000 00000000
00:00:03.469806 Gst: 80000018/0000  00000000 00000000 00000000 00000000
00:00:03.469806 Hst:                00000000 00000000 00000000 00000000
00:00:03.469807 Gst: 80000019/0000  f040f040 00000000 00000000 00000000
00:00:03.469807 Hst:                f040f040 00000000 00000000 00000000
00:00:03.469808 Gst: 8000001a/0000  00000002 00000000 00000000 00000000
00:00:03.469808 Hst:                00000006 00000000 00000000 00000000
00:00:03.469808 Gst: 8000001b/0000  00000000 00000000 00000000 00000000
00:00:03.469809 Hst:                000003ff 00000000 00000000 00000000
00:00:03.469809 Gst: 8000001c/0000  00000000 00000000 00000000 00000000
00:00:03.469810 Hst:                00000000 00000000 00000000 00000000
00:00:03.469810 Gst: 8000001d/0000  00000121 01c0003f 0000003f 00000000
00:00:03.469811 Hst:                00004121 01c0003f 0000003f 00000000
00:00:03.469811 Gst: 8000001d/0001  00000122 01c0003f 0000003f 00000000
00:00:03.469812 Hst:                00004122 01c0003f 0000003f 00000000
00:00:03.469812 Gst: 8000001d/0002  00000143 01c0003f 000003ff 00000002
00:00:03.469814 Hst:                00004143 01c0003f 000003ff 00000002
00:00:03.469814 Gst: 8000001d/0003  00000163 03c0003f 00000fff 00000001
00:00:03.469815 Hst:                0001c163 03c0003f 00000fff 00000001
00:00:03.469816 Gst: 8000001d/0004  00000000 00000000 00000000 00000000
00:00:03.469816 Hst:                00000000 00000000 00000000 00000000
00:00:03.469816 Gst: 8000001e/0000  00000000 00000000 00000000 00000000
00:00:03.469817 Hst:                00000008 00000104 00000000 00000000
00:00:03.469817 Hst: 8000001f/0000  0001000f 0000012f 0000000e 00000001
00:00:03.469818 Hst: 80000020/0000  00000000 00000002 00000000 00000000
00:00:03.469818 Ext Name:                        AuthenticAMD
00:00:03.469819 Ext Supports:                    0x80000000-0x8000001e
00:00:03.469819 Family:                          15  	Extended: 8 	Effective: 23
00:00:03.469820 Model:                           0  	Extended: 6 	Effective: 96
00:00:03.469820 Stepping:                        1
00:00:03.469820 Brand ID:                        0x000
00:00:03.469821 Ext Features
00:00:03.469821   Mnemonic - Description                                  = guest (host)
00:00:03.469821   FPU - x87 FPU on Chip                                   = 1 (1)
00:00:03.469822   VME - Virtual 8086 Mode Enhancements                    = 1 (1)
00:00:03.469823   DE - Debugging extensions                               = 1 (1)
00:00:03.469823   PSE - Page Size Extension                               = 1 (1)
00:00:03.469824   TSC - Time Stamp Counter                                = 1 (1)
00:00:03.469825   MSR - K86 Model Specific Registers                      = 1 (1)
00:00:03.469825   PAE - Physical Address Extension                        = 0 (1)
00:00:03.469826   MCE - Machine Check Exception                           = 0 (1)
00:00:03.469826   CX8 - CMPXCHG8B instruction                             = 1 (1)
00:00:03.469827   APIC - APIC On-Chip                                     = 1 (1)
00:00:03.469827   SEP - SYSCALL/SYSRET                                    = 1 (1)
00:00:03.469828   MTRR - Memory Type Range Registers                      = 1 (1)
00:00:03.469829   PGE - PTE Global Bit                                    = 1 (1)
00:00:03.469829   MCA - Machine Check Architecture                        = 1 (1)
00:00:03.469830   CMOV - Conditional Move instructions                    = 1 (1)
00:00:03.469830   PAT - Page Attribute Table                              = 1 (1)
00:00:03.469831   PSE-36 - 36-bit Page Size Extension                     = 1 (1)
00:00:03.469831   NX - No-Execute/Execute-Disable                         = 0 (1)
00:00:03.469832   AXMMX - AMD Extensions to MMX instructions              = 1 (1)
00:00:03.469832   MMX - Intel MMX Technology                              = 1 (1)
00:00:03.469833   FXSR - FXSAVE and FXRSTOR Instructions                  = 1 (1)
00:00:03.469833   FFXSR - AMD fast FXSAVE and FXRSTOR instructions        = 1 (1)
00:00:03.469834   Page1GB - 1 GB large page                               = 0 (1)
00:00:03.469835   RDTSCP - RDTSCP instruction                             = 1 (1)
00:00:03.469835   LM - AMD64 Long Mode                                    = 0 (1)
00:00:03.469836   3DNOWEXT - AMD Extensions to 3DNow                      = 0 (0)
00:00:03.469836   3DNOW - AMD 3DNow                                       = 0 (0)
00:00:03.469837   LahfSahf - LAHF/SAHF support in 64-bit mode             = 1 (1)
00:00:03.469837   CmpLegacy - Core multi-processing legacy mode           = 0 (1)
00:00:03.469838   SVM - AMD Secure Virtual Machine extensions             = 0 (1)
00:00:03.469838   EXTAPIC - AMD Extended APIC registers                   = 0 (1)
00:00:03.469839   CR8L - AMD LOCK MOV CR0 means MOV CR8                   = 1 (1)
00:00:03.469839   ABM - AMD Advanced Bit Manipulation                     = 1 (1)
00:00:03.469840   SSE4A - SSE4A instructions                              = 1 (1)
00:00:03.469841   MISALIGNSSE - AMD Misaligned SSE mode                   = 1 (1)
00:00:03.469841   3DNOWPRF - AMD PREFETCH and PREFETCHW instructions      = 1 (1)
00:00:03.469842   OSVW - AMD OS Visible Workaround                        = 0 (1)
00:00:03.469842   IBS - Instruct Based Sampling                           = 0 (1)
00:00:03.469843   XOP - Extended Operation support                        = 0 (0)
00:00:03.469843   SKINIT - SKINIT, STGI, and DEV support                  = 0 (1)
00:00:03.469844   WDT - AMD Watchdog Timer support                        = 0 (1)
00:00:03.469844   LWP - Lightweight Profiling support                     = 0 (0)
00:00:03.469845   FMA4 - Four operand FMA instruction support             = 0 (0)
00:00:03.469845   17 - Reserved                                           = 0 (1)
00:00:03.469846   NodeId - NodeId in MSR C001_100C                        = 0 (0)
00:00:03.469846   TBM - Trailing Bit Manipulation instructions            = 0 (0)
00:00:03.469847   TOPOEXT - Topology Extensions                           = 0 (1)
00:00:03.469847   PRFEXTCORE - Performance Counter Extensions support     = 0 (1)
00:00:03.469848   PRFEXTNB - NB Performance Counter Extensions support    = 0 (1)
00:00:03.469848   DATABPEXT - Data-access Breakpoint Extension            = 0 (1)
00:00:03.469849   PERFTSC - Performance Time Stamp Counter                = 0 (0)
00:00:03.469849   PCX_L2I - L2I/L3 Performance Counter Extensions         = 0 (1)
00:00:03.469850   MWAITX - MWAITX and MONITORX instructions               = 0 (1)
00:00:03.469850   30 - Reserved                                           = 0 (1)
00:00:03.469851 SVM Feature Identification (leaf A):
00:00:03.469851   NP - Nested Paging                                      = 0 (1)
00:00:03.469852   LbrVirt - Last Branch Record Virtualization             = 0 (1)
00:00:03.469853   SVML - SVM Lock                                         = 0 (1)
00:00:03.469853   NRIPS - NextRIP Save                                    = 0 (1)
00:00:03.469854   TscRateMsr - MSR based TSC rate control                 = 0 (1)
00:00:03.469854   VmcbClean - VMCB clean bits                             = 0 (1)
00:00:03.469855   FlushByASID - Flush by ASID                             = 0 (1)
00:00:03.469855   DecodeAssists - Decode Assists                          = 0 (1)
00:00:03.469856   PauseFilter - Pause intercept filter                    = 0 (1)
00:00:03.469857   11 - Reserved                                           = 0 (1)
00:00:03.469857   PauseFilterThreshold - Pause filter threshold           = 0 (1)
00:00:03.469858   AVIC - Advanced Virtual Interrupt Controller            = 0 (1)
00:00:03.469858   VMSAVEVirt - VMSAVE and VMLOAD Virtualization           = 0 (1)
00:00:03.469859   VGIF - Virtual Global-Interrupt Flag                    = 0 (1)
00:00:03.469859   GMET - Guest Mode Execute Trap Extension                = 0 (1)
00:00:03.469860   20 - Reserved                                           = 0 (1)
00:00:03.469861 Full Name:                       "AMD Ryzen 7 4800U with Radeon Graphics         "
00:00:03.469861 TLB 2/4M Instr/Uni:              fully  64 entries
00:00:03.469861 TLB 2/4M Data:                   fully  64 entries
00:00:03.469862 TLB 4K Instr/Uni:                fully  64 entries
00:00:03.469862 TLB 4K Data:                     fully  64 entries
00:00:03.469863 L1 Instr Cache Line Size:        64 bytes
00:00:03.469863 L1 Instr Cache Lines Per Tag:    1
00:00:03.469863 L1 Instr Cache Associativity:    8 way
00:00:03.469863 L1 Instr Cache Size:             32 KB
00:00:03.469864 L1 Data Cache Line Size:         64 bytes
00:00:03.469864 L1 Data Cache Lines Per Tag:     1
00:00:03.469864 L1 Data Cache Associativity:     8 way
00:00:03.469865 L1 Data Cache Size:              32 KB
00:00:03.469865 L2 TLB 2/4M Instr/Uni:           8 way  1024 entries
00:00:03.469865 L2 TLB 2/4M Data:                4 way  2048 entries
00:00:03.469866 L2 TLB 4K Instr/Uni:             8 way  1024 entries
00:00:03.469866 L2 TLB 4K Data:                  8 way  2048 entries
00:00:03.469866 L2 Cache Line Size:              64 bytes
00:00:03.469867 L2 Cache Lines Per Tag:          1
00:00:03.469867 L2 Cache Associativity:          res9  
00:00:03.469867 L2 Cache Size:                   64 KB
00:00:03.469868   TS - Temperature Sensor                                 = 0 (1)
00:00:03.469868   FID - Frequency ID control                              = 0 (0)
00:00:03.469869   VID - Voltage ID control                                = 0 (0)
00:00:03.469869   TTP - Thermal Trip                                      = 0 (1)
00:00:03.469870   TM - Hardware Thermal Control (HTC)                     = 0 (1)
00:00:03.469871   100MHzSteps - 100 MHz Multiplier control                = 0 (0)
00:00:03.469871   HwPstate - Hardware P-state control                     = 0 (1)
00:00:03.469872   TscInvariant - Invariant Time Stamp Counter             = 1 (1)
00:00:03.469872   CBP - Core Performance Boost                            = 0 (1)
00:00:03.469873   EffFreqRO - Read-only Effective Frequency Interface     = 0 (1)
00:00:03.469873   ProcFdbkIf - Processor Feedback Interface               = 0 (0)
00:00:03.469874   ProcPwrRep - Core power reporting interface support     = 0 (0)
00:00:03.469874   13 - Reserved                                           = 0 (1)
00:00:03.469875   14 - Reserved                                           = 0 (1)
00:00:03.469876   CLZERO - Clear zero instruction (cacheline)             = 0 (1)
00:00:03.469876   IRPerf - Instructions retired count support             = 0 (1)
00:00:03.469877   XSaveErPtr - Save/restore error pointers (FXSAVE/RSTOR*) = 0 (1)
00:00:03.469877   RDPRU - RDPRU instruction                               = 0 (1)
00:00:03.469878    6 - Reserved                                           = 0 (1)
00:00:03.469878   MCOMMIT - MCOMMIT instruction                           = 0 (1)
00:00:03.469879    9 - Reserved                                           = 0 (1)
00:00:03.469880   10 - Reserved                                           = 0 (1)
00:00:03.469880   IBPB - Supports the IBPB command in IA32_PRED_CMD       = 0 (1)
00:00:03.469881   13 - Reserved                                           = 0 (1)
00:00:03.469881   14 - Reserved                                           = 0 (1)
00:00:03.469882   15 - Reserved                                           = 0 (1)
00:00:03.469883   18 - Reserved                                           = 0 (1)
00:00:03.469883   19 - Reserved                                           = 0 (1)
00:00:03.469884   24 - Reserved                                           = 0 (1)
00:00:03.469884   27 - Reserved                                           = 0 (1)
00:00:03.469885 Physical Address Width:          48 bits
00:00:03.469885 Virtual Address Width:           48 bits
00:00:03.469885 Guest Physical Address Width:    0 bits
00:00:03.469886 Physical Core Count:             1
00:00:03.469886 
00:00:03.469887 ******************** End of CPUID dump **********************
00:00:03.469896 VMEmt: Halt method global1 (5)
00:00:03.469976 VMEmt: HaltedGlobal1 config: cNsSpinBlockThresholdCfg=50000
00:00:03.469984 Changing the VM state from 'CREATING' to 'CREATED'
00:00:03.470863 Changing the VM state from 'CREATED' to 'POWERING_ON'
00:00:03.471010 Changing the VM state from 'POWERING_ON' to 'RUNNING'
00:00:03.471042 Console: Machine state changed to 'Running'
00:00:03.469574 HM: fUsePauseFilter=false fUseLbrVirt=false fUseVGif=true  fUseVirtVmsaveVmload=true 
00:00:03.472266 VMMDev: Guest Log: BIOS: VirtualBox 6.1.16
00:00:03.472332 PCI: Setting up resources and interrupts
00:00:03.472426 PIT: mode=2 count=0x10000 (65536) - 18.20 Hz (ch=0)
00:00:03.479614 Display::i_handleDisplayResize: uScreenId=0 pvVRAM=0000000000000000 w=720 h=400 bpp=0 cbLine=0x0 flags=0x0 origin=0,0
00:00:03.480173 VMMDev: Guest Log: CPUID EDX: 0x178bfbbf
00:00:03.480222 PIIX3 ATA: Ctl#0: RESET, DevSel=0 AIOIf=0 CmdIf0=0x00 (-1 usec ago) CmdIf1=0x00 (-1 usec ago)
00:00:03.480244 PIIX3 ATA: Ctl#0: finished processing RESET
00:00:03.480636 VMMDev: Guest Log: BIOS: ata0-0: PCHS=301/4/17 LCHS=301/4/17
00:00:03.481308 PIIX3 ATA: Ctl#1: RESET, DevSel=0 AIOIf=0 CmdIf0=0x00 (-1 usec ago) CmdIf1=0x00 (-1 usec ago)
00:00:03.481352 PIIX3 ATA: Ctl#1: finished processing RESET
00:00:03.483240 PIT: mode=2 count=0x48d3 (18643) - 64.00 Hz (ch=0)
00:00:03.514848 Display::i_handleDisplayResize: uScreenId=0 pvVRAM=00000000131b0000 w=640 h=480 bpp=32 cbLine=0xA00 flags=0x0 origin=0,0
00:00:03.971862 GUI: UIMachineViewNormal::resendSizeHint: Restoring guest size-hint for screen 0 to 800x600
00:00:03.976282 GUI: 2D video acceleration is disabled
00:00:03.976427 GUI: HID LEDs sync is enabled
00:00:03.985853 GUI: UIMachineLogicNormal::sltCheckForRequestedVisualStateType: Requested-state=0, Machine-state=5
00:00:05.957902 PIT: mode=2 count=0x10000 (65536) - 18.20 Hz (ch=0)
00:00:05.958093 VMMDev: Guest Log: BIOS: Boot : bseqnr=1, bootseq=0231
00:00:05.958241 VMMDev: Guest Log: BIOS: Boot from Floppy 0 failed
00:00:05.958397 VMMDev: Guest Log: BIOS: Boot : bseqnr=2, bootseq=0023
00:00:05.958727 VMMDev: Guest Log: BIOS: CDROM boot failure code : 0003
00:00:05.958860 VMMDev: Guest Log: BIOS: Boot from CD-ROM failed
00:00:05.959015 VMMDev: Guest Log: BIOS: Boot : bseqnr=3, bootseq=0002
00:00:05.959209 VMMDev: Guest Log: BIOS: Booting from Hard Disk...
00:00:06.014490 Display::i_handleDisplayResize: uScreenId=0 pvVRAM=0000000000000000 w=720 h=400 bpp=0 cbLine=0x0 flags=0x0 origin=0,0
